mode: atomic
github.com/danilovid/linkkeeper/cmd/api-service/main.go:21.13,33.12 8 0
github.com/danilovid/linkkeeper/cmd/api-service/main.go:33.12,35.46 2 0
github.com/danilovid/linkkeeper/cmd/api-service/main.go:35.46,37.4 1 0
github.com/danilovid/linkkeeper/cmd/api-service/main.go:40.2,40.25 1 0
github.com/danilovid/linkkeeper/cmd/api-service/main.go:40.25,44.3 3 0
github.com/danilovid/linkkeeper/cmd/api-service/main.go:47.33,52.2 4 0
github.com/danilovid/linkkeeper/cmd/bot-service/main.go:14.13,25.16 4 0
github.com/danilovid/linkkeeper/cmd/bot-service/main.go:25.16,27.3 1 0
github.com/danilovid/linkkeeper/cmd/bot-service/main.go:29.2,30.34 2 0
github.com/danilovid/linkkeeper/cmd/bot-service/main.go:30.34,32.3 1 0
github.com/danilovid/linkkeeper/cmd/bot-service/main.go:35.34,37.15 2 0
github.com/danilovid/linkkeeper/cmd/bot-service/main.go:37.15,39.3 1 0
github.com/danilovid/linkkeeper/cmd/bot-service/main.go:40.2,41.32 2 0
github.com/danilovid/linkkeeper/cmd/bot-service/main.go:41.32,43.3 1 0
github.com/danilovid/linkkeeper/cmd/bot-service/main.go:44.2,44.45 1 0
github.com/danilovid/linkkeeper/internal/api-service/repository/link.go:18.41,20.2 1 0
github.com/danilovid/linkkeeper/internal/api-service/repository/link.go:32.107,38.67 2 0
github.com/danilovid/linkkeeper/internal/api-service/repository/link.go:38.67,40.3 1 0
github.com/danilovid/linkkeeper/internal/api-service/repository/link.go:41.2,41.27 1 0
github.com/danilovid/linkkeeper/internal/api-service/repository/link.go:44.85,46.80 2 0
github.com/danilovid/linkkeeper/internal/api-service/repository/link.go:46.80,48.3 1 0
github.com/danilovid/linkkeeper/internal/api-service/repository/link.go:49.2,49.27 1 0
github.com/danilovid/linkkeeper/internal/api-service/repository/link.go:52.92,58.35 2 0
github.com/danilovid/linkkeeper/internal/api-service/repository/link.go:58.35,60.3 1 0
github.com/danilovid/linkkeeper/internal/api-service/repository/link.go:61.2,62.27 2 0
github.com/danilovid/linkkeeper/internal/api-service/repository/link.go:62.27,64.3 1 0
github.com/danilovid/linkkeeper/internal/api-service/repository/link.go:65.2,65.17 1 0
github.com/danilovid/linkkeeper/internal/api-service/repository/link.go:68.90,71.20 3 0
github.com/danilovid/linkkeeper/internal/api-service/repository/link.go:71.20,73.3 1 0
github.com/danilovid/linkkeeper/internal/api-service/repository/link.go:74.2,74.72 1 0
github.com/danilovid/linkkeeper/internal/api-service/repository/link.go:74.72,76.3 1 0
github.com/danilovid/linkkeeper/internal/api-service/repository/link.go:77.2,77.27 1 0
github.com/danilovid/linkkeeper/internal/api-service/repository/link.go:80.118,82.22 2 0
github.com/danilovid/linkkeeper/internal/api-service/repository/link.go:82.22,84.3 1 0
github.com/danilovid/linkkeeper/internal/api-service/repository/link.go:85.2,85.27 1 0
github.com/danilovid/linkkeeper/internal/api-service/repository/link.go:85.27,87.3 1 0
github.com/danilovid/linkkeeper/internal/api-service/repository/link.go:88.2,88.22 1 0
github.com/danilovid/linkkeeper/internal/api-service/repository/link.go:88.22,93.23 2 0
github.com/danilovid/linkkeeper/internal/api-service/repository/link.go:93.23,95.4 1 0
github.com/danilovid/linkkeeper/internal/api-service/repository/link.go:96.3,96.28 1 0
github.com/danilovid/linkkeeper/internal/api-service/repository/link.go:96.28,98.4 1 0
github.com/danilovid/linkkeeper/internal/api-service/repository/link.go:100.2,100.27 1 0
github.com/danilovid/linkkeeper/internal/api-service/repository/link.go:103.65,105.22 2 0
github.com/danilovid/linkkeeper/internal/api-service/repository/link.go:105.22,107.3 1 0
github.com/danilovid/linkkeeper/internal/api-service/repository/link.go:108.2,108.27 1 0
github.com/danilovid/linkkeeper/internal/api-service/repository/link.go:108.27,110.3 1 0
github.com/danilovid/linkkeeper/internal/api-service/repository/link.go:111.2,111.12 1 0
github.com/danilovid/linkkeeper/internal/api-service/repository/link.go:114.88,123.22 3 0
github.com/danilovid/linkkeeper/internal/api-service/repository/link.go:123.22,125.3 1 0
github.com/danilovid/linkkeeper/internal/api-service/repository/link.go:126.2,126.27 1 0
github.com/danilovid/linkkeeper/internal/api-service/repository/link.go:126.27,128.3 1 0
github.com/danilovid/linkkeeper/internal/api-service/repository/link.go:129.2,129.27 1 0
github.com/danilovid/linkkeeper/internal/api-service/repository/link.go:132.96,133.15 1 0
github.com/danilovid/linkkeeper/internal/api-service/repository/link.go:133.15,135.3 1 0
github.com/danilovid/linkkeeper/internal/api-service/repository/link.go:136.2,136.16 1 0
github.com/danilovid/linkkeeper/internal/api-service/repository/link.go:136.16,138.3 1 0
github.com/danilovid/linkkeeper/internal/api-service/repository/link.go:140.2,155.16 5 0
github.com/danilovid/linkkeeper/internal/api-service/repository/link.go:155.16,157.3 1 0
github.com/danilovid/linkkeeper/internal/api-service/repository/link.go:159.2,160.28 2 0
github.com/danilovid/linkkeeper/internal/api-service/repository/link.go:160.28,162.3 1 0
github.com/danilovid/linkkeeper/internal/api-service/repository/link.go:164.2,165.33 2 0
github.com/danilovid/linkkeeper/internal/api-service/repository/link.go:165.33,166.23 1 0
github.com/danilovid/linkkeeper/internal/api-service/repository/link.go:166.23,168.4 1 0
github.com/danilovid/linkkeeper/internal/api-service/repository/link.go:171.2,173.33 3 0
github.com/danilovid/linkkeeper/internal/api-service/repository/link.go:173.33,179.19 5 0
github.com/danilovid/linkkeeper/internal/api-service/repository/link.go:179.19,181.19 2 0
github.com/danilovid/linkkeeper/internal/api-service/repository/link.go:181.19,183.5 1 0
github.com/danilovid/linkkeeper/internal/api-service/repository/link.go:183.10,183.26 1 0
github.com/danilovid/linkkeeper/internal/api-service/repository/link.go:183.26,185.5 1 0
github.com/danilovid/linkkeeper/internal/api-service/repository/link.go:185.10,185.26 1 0
github.com/danilovid/linkkeeper/internal/api-service/repository/link.go:185.26,187.5 1 0
github.com/danilovid/linkkeeper/internal/api-service/repository/link.go:187.10,187.26 1 0
github.com/danilovid/linkkeeper/internal/api-service/repository/link.go:187.26,189.5 1 0
github.com/danilovid/linkkeeper/internal/api-service/repository/link.go:192.3,196.5 1 0
github.com/danilovid/linkkeeper/internal/api-service/repository/link.go:199.2,199.19 1 0
github.com/danilovid/linkkeeper/internal/api-service/repository/link.go:202.30,203.44 1 0
github.com/danilovid/linkkeeper/internal/api-service/repository/link.go:203.44,205.3 1 0
github.com/danilovid/linkkeeper/internal/api-service/repository/link.go:206.2,206.12 1 0
github.com/danilovid/linkkeeper/internal/api-service/repository/link.go:209.42,219.2 1 0
github.com/danilovid/linkkeeper/cmd/user-service/main.go:23.13,35.12 8 0
github.com/danilovid/linkkeeper/cmd/user-service/main.go:35.12,37.46 2 0
github.com/danilovid/linkkeeper/cmd/user-service/main.go:37.46,39.4 1 0
github.com/danilovid/linkkeeper/cmd/user-service/main.go:42.2,42.25 1 0
github.com/danilovid/linkkeeper/cmd/user-service/main.go:42.25,46.3 3 0
github.com/danilovid/linkkeeper/cmd/user-service/main.go:49.33,54.2 4 0
github.com/danilovid/linkkeeper/internal/bot-service/user/client.go:39.63,44.2 1 0
github.com/danilovid/linkkeeper/internal/bot-service/user/client.go:46.126,55.16 3 0
github.com/danilovid/linkkeeper/internal/bot-service/user/client.go:55.16,57.3 1 0
github.com/danilovid/linkkeeper/internal/bot-service/user/client.go:59.2,60.16 2 0
github.com/danilovid/linkkeeper/internal/bot-service/user/client.go:60.16,62.3 1 0
github.com/danilovid/linkkeeper/internal/bot-service/user/client.go:63.2,66.16 3 0
github.com/danilovid/linkkeeper/internal/bot-service/user/client.go:66.16,68.3 1 0
github.com/danilovid/linkkeeper/internal/bot-service/user/client.go:69.2,71.28 2 0
github.com/danilovid/linkkeeper/internal/bot-service/user/client.go:71.28,73.3 1 0
github.com/danilovid/linkkeeper/internal/bot-service/user/client.go:75.2,76.65 2 0
github.com/danilovid/linkkeeper/internal/bot-service/user/client.go:76.65,78.3 1 0
github.com/danilovid/linkkeeper/internal/bot-service/user/client.go:80.2,80.19 1 0
github.com/danilovid/linkkeeper/internal/bot-service/user/client.go:83.92,87.16 3 0
github.com/danilovid/linkkeeper/internal/bot-service/user/client.go:87.16,89.3 1 0
github.com/danilovid/linkkeeper/internal/bot-service/user/client.go:91.2,92.16 2 0
github.com/danilovid/linkkeeper/internal/bot-service/user/client.go:92.16,94.3 1 0
github.com/danilovid/linkkeeper/internal/bot-service/user/client.go:95.2,97.28 2 0
github.com/danilovid/linkkeeper/internal/bot-service/user/client.go:97.28,99.3 1 0
github.com/danilovid/linkkeeper/internal/bot-service/user/client.go:101.2,102.65 2 0
github.com/danilovid/linkkeeper/internal/bot-service/user/client.go:102.65,104.3 1 0
github.com/danilovid/linkkeeper/internal/bot-service/user/client.go:106.2,106.19 1 0
github.com/danilovid/linkkeeper/internal/bot-service/user/client.go:109.82,113.16 3 0
github.com/danilovid/linkkeeper/internal/bot-service/user/client.go:113.16,115.3 1 0
github.com/danilovid/linkkeeper/internal/bot-service/user/client.go:117.2,118.16 2 0
github.com/danilovid/linkkeeper/internal/bot-service/user/client.go:118.16,120.3 1 0
github.com/danilovid/linkkeeper/internal/bot-service/user/client.go:121.2,123.28 2 0
github.com/danilovid/linkkeeper/internal/bot-service/user/client.go:123.28,125.3 1 0
github.com/danilovid/linkkeeper/internal/bot-service/user/client.go:127.2,128.67 2 0
github.com/danilovid/linkkeeper/internal/bot-service/user/client.go:128.67,130.3 1 0
github.com/danilovid/linkkeeper/internal/bot-service/user/client.go:132.2,132.27 1 0
github.com/danilovid/linkkeeper/internal/user-service/models.go:20.37,22.2 1 0
github.com/danilovid/linkkeeper/internal/user-service/models.go:24.53,25.22 1 0
github.com/danilovid/linkkeeper/internal/user-service/models.go:25.22,27.3 1 0
github.com/danilovid/linkkeeper/internal/user-service/models.go:28.2,28.12 1 0
github.com/danilovid/linkkeeper/internal/bot-service/api/client.go:25.63,30.2 1 0
github.com/danilovid/linkkeeper/internal/bot-service/api/client.go:32.78,34.16 2 0
github.com/danilovid/linkkeeper/internal/bot-service/api/client.go:34.16,36.3 1 0
github.com/danilovid/linkkeeper/internal/bot-service/api/client.go:37.2,38.16 2 0
github.com/danilovid/linkkeeper/internal/bot-service/api/client.go:38.16,40.3 1 0
github.com/danilovid/linkkeeper/internal/bot-service/api/client.go:41.2,43.16 3 0
github.com/danilovid/linkkeeper/internal/bot-service/api/client.go:43.16,45.3 1 0
github.com/danilovid/linkkeeper/internal/bot-service/api/client.go:46.2,47.28 2 0
github.com/danilovid/linkkeeper/internal/bot-service/api/client.go:47.28,49.3 1 0
github.com/danilovid/linkkeeper/internal/bot-service/api/client.go:50.2,53.64 2 0
github.com/danilovid/linkkeeper/internal/bot-service/api/client.go:53.64,55.3 1 0
github.com/danilovid/linkkeeper/internal/bot-service/api/client.go:56.2,56.20 1 0
github.com/danilovid/linkkeeper/internal/bot-service/api/client.go:59.67,61.16 2 0
github.com/danilovid/linkkeeper/internal/bot-service/api/client.go:61.16,63.3 1 0
github.com/danilovid/linkkeeper/internal/bot-service/api/client.go:64.2,65.16 2 0
github.com/danilovid/linkkeeper/internal/bot-service/api/client.go:65.16,67.3 1 0
github.com/danilovid/linkkeeper/internal/bot-service/api/client.go:68.2,69.28 2 0
github.com/danilovid/linkkeeper/internal/bot-service/api/client.go:69.28,71.3 1 0
github.com/danilovid/linkkeeper/internal/bot-service/api/client.go:72.2,72.12 1 0
github.com/danilovid/linkkeeper/internal/bot-service/api/client.go:75.81,77.20 2 0
github.com/danilovid/linkkeeper/internal/bot-service/api/client.go:77.20,79.3 1 0
github.com/danilovid/linkkeeper/internal/bot-service/api/client.go:80.2,81.16 2 0
github.com/danilovid/linkkeeper/internal/bot-service/api/client.go:81.16,83.3 1 0
github.com/danilovid/linkkeeper/internal/bot-service/api/client.go:84.2,85.16 2 0
github.com/danilovid/linkkeeper/internal/bot-service/api/client.go:85.16,87.3 1 0
github.com/danilovid/linkkeeper/internal/bot-service/api/client.go:88.2,89.28 2 0
github.com/danilovid/linkkeeper/internal/bot-service/api/client.go:89.28,91.3 1 0
github.com/danilovid/linkkeeper/internal/bot-service/api/client.go:92.2,93.64 2 0
github.com/danilovid/linkkeeper/internal/bot-service/api/client.go:93.64,95.3 1 0
github.com/danilovid/linkkeeper/internal/bot-service/api/client.go:96.2,96.17 1 0
github.com/danilovid/linkkeeper/internal/api-service/transport/http/http.go:21.51,29.2 4 0
github.com/danilovid/linkkeeper/internal/api-service/transport/http/http.go:31.41,33.2 1 0
github.com/danilovid/linkkeeper/internal/api-service/transport/http/http.go:35.27,60.2 13 0
github.com/danilovid/linkkeeper/internal/api-service/transport/http/http.go:62.52,63.71 1 0
github.com/danilovid/linkkeeper/internal/api-service/transport/http/http.go:63.71,71.3 3 0
github.com/danilovid/linkkeeper/internal/api-service/transport/http/routers.go:36.53,38.2 1 0
github.com/danilovid/linkkeeper/internal/api-service/transport/http/routers.go:40.44,41.54 1 0
github.com/danilovid/linkkeeper/internal/api-service/transport/http/routers.go:41.54,43.62 2 0
github.com/danilovid/linkkeeper/internal/api-service/transport/http/routers.go:43.62,46.4 2 0
github.com/danilovid/linkkeeper/internal/api-service/transport/http/routers.go:47.3,54.17 5 0
github.com/danilovid/linkkeeper/internal/api-service/transport/http/routers.go:54.17,57.4 2 0
github.com/danilovid/linkkeeper/internal/api-service/transport/http/routers.go:58.3,58.57 1 0
github.com/danilovid/linkkeeper/internal/api-service/transport/http/routers.go:62.41,63.54 1 0
github.com/danilovid/linkkeeper/internal/api-service/transport/http/routers.go:63.54,66.17 3 0
github.com/danilovid/linkkeeper/internal/api-service/transport/http/routers.go:66.17,69.4 2 0
github.com/danilovid/linkkeeper/internal/api-service/transport/http/routers.go:70.3,70.52 1 0
github.com/danilovid/linkkeeper/internal/api-service/transport/http/routers.go:74.42,75.54 1 0
github.com/danilovid/linkkeeper/internal/api-service/transport/http/routers.go:75.54,78.18 3 0
github.com/danilovid/linkkeeper/internal/api-service/transport/http/routers.go:78.18,80.4 1 0
github.com/danilovid/linkkeeper/internal/api-service/transport/http/routers.go:81.3,82.17 2 0
github.com/danilovid/linkkeeper/internal/api-service/transport/http/routers.go:82.17,85.4 2 0
github.com/danilovid/linkkeeper/internal/api-service/transport/http/routers.go:86.3,87.30 2 0
github.com/danilovid/linkkeeper/internal/api-service/transport/http/routers.go:87.30,89.4 1 0
github.com/danilovid/linkkeeper/internal/api-service/transport/http/routers.go:90.3,90.36 1 0
github.com/danilovid/linkkeeper/internal/api-service/transport/http/routers.go:94.44,95.54 1 0
github.com/danilovid/linkkeeper/internal/api-service/transport/http/routers.go:95.54,98.17 3 0
github.com/danilovid/linkkeeper/internal/api-service/transport/http/routers.go:98.17,101.4 2 0
github.com/danilovid/linkkeeper/internal/api-service/transport/http/routers.go:102.3,102.52 1 0
github.com/danilovid/linkkeeper/internal/api-service/transport/http/routers.go:106.44,107.54 1 0
github.com/danilovid/linkkeeper/internal/api-service/transport/http/routers.go:107.54,110.62 3 0
github.com/danilovid/linkkeeper/internal/api-service/transport/http/routers.go:110.62,113.4 2 0
github.com/danilovid/linkkeeper/internal/api-service/transport/http/routers.go:114.3,114.21 1 0
github.com/danilovid/linkkeeper/internal/api-service/transport/http/routers.go:114.21,117.4 2 0
github.com/danilovid/linkkeeper/internal/api-service/transport/http/routers.go:118.3,118.26 1 0
github.com/danilovid/linkkeeper/internal/api-service/transport/http/routers.go:118.26,121.4 2 0
github.com/danilovid/linkkeeper/internal/api-service/transport/http/routers.go:122.3,127.17 3 0
github.com/danilovid/linkkeeper/internal/api-service/transport/http/routers.go:127.17,130.4 2 0
github.com/danilovid/linkkeeper/internal/api-service/transport/http/routers.go:131.3,131.52 1 0
github.com/danilovid/linkkeeper/internal/api-service/transport/http/routers.go:135.44,136.54 1 0
github.com/danilovid/linkkeeper/internal/api-service/transport/http/routers.go:136.54,138.54 2 0
github.com/danilovid/linkkeeper/internal/api-service/transport/http/routers.go:138.54,141.4 2 0
github.com/danilovid/linkkeeper/internal/api-service/transport/http/routers.go:142.3,142.38 1 0
github.com/danilovid/linkkeeper/internal/api-service/transport/http/routers.go:146.48,147.54 1 0
github.com/danilovid/linkkeeper/internal/api-service/transport/http/routers.go:147.54,150.17 3 0
github.com/danilovid/linkkeeper/internal/api-service/transport/http/routers.go:150.17,153.4 2 0
github.com/danilovid/linkkeeper/internal/api-service/transport/http/routers.go:154.3,154.52 1 0
github.com/danilovid/linkkeeper/internal/api-service/transport/http/routers.go:158.50,159.54 1 0
github.com/danilovid/linkkeeper/internal/api-service/transport/http/routers.go:159.54,161.17 2 0
github.com/danilovid/linkkeeper/internal/api-service/transport/http/routers.go:161.17,163.4 1 0
github.com/danilovid/linkkeeper/internal/api-service/transport/http/routers.go:164.3,165.17 2 0
github.com/danilovid/linkkeeper/internal/api-service/transport/http/routers.go:165.17,168.4 2 0
github.com/danilovid/linkkeeper/internal/api-service/transport/http/routers.go:169.3,169.37 1 0
github.com/danilovid/linkkeeper/internal/api-service/transport/http/routers.go:173.58,177.2 3 0
github.com/danilovid/linkkeeper/internal/api-service/transport/http/routers.go:179.51,180.9 1 0
github.com/danilovid/linkkeeper/internal/api-service/transport/http/routers.go:181.46,182.50 1 0
github.com/danilovid/linkkeeper/internal/api-service/transport/http/routers.go:183.50,184.52 1 0
github.com/danilovid/linkkeeper/internal/api-service/transport/http/routers.go:185.10,186.66 1 0
github.com/danilovid/linkkeeper/internal/api-service/transport/http/routers.go:190.56,200.2 1 0
github.com/danilovid/linkkeeper/internal/api-service/transport/http/routers.go:202.47,203.15 1 0
github.com/danilovid/linkkeeper/internal/api-service/transport/http/routers.go:203.15,205.3 1 0
github.com/danilovid/linkkeeper/internal/api-service/transport/http/routers.go:206.2,207.16 2 0
github.com/danilovid/linkkeeper/internal/api-service/transport/http/routers.go:207.16,209.3 1 0
github.com/danilovid/linkkeeper/internal/api-service/transport/http/routers.go:210.2,210.15 1 0
github.com/danilovid/linkkeeper/internal/bot-service/bot/config.go:16.35,17.38 1 0
github.com/danilovid/linkkeeper/internal/bot-service/bot/config.go:17.38,19.3 1 0
github.com/danilovid/linkkeeper/internal/bot-service/bot/config.go:20.2,20.43 1 0
github.com/danilovid/linkkeeper/internal/bot-service/bot/config.go:20.43,22.3 1 0
github.com/danilovid/linkkeeper/internal/bot-service/bot/config.go:23.2,23.47 1 0
github.com/danilovid/linkkeeper/internal/bot-service/bot/config.go:23.47,25.3 1 0
github.com/danilovid/linkkeeper/internal/bot-service/bot/config.go:26.2,26.20 1 0
github.com/danilovid/linkkeeper/internal/bot-service/bot/config.go:26.20,28.3 1 0
github.com/danilovid/linkkeeper/internal/bot-service/bot/config.go:29.2,29.12 1 0
github.com/danilovid/linkkeeper/internal/bot-service/bot/wrapper.go:31.51,32.42 1 0
github.com/danilovid/linkkeeper/internal/bot-service/bot/wrapper.go:32.42,34.3 1 0
github.com/danilovid/linkkeeper/internal/bot-service/bot/wrapper.go:36.2,42.16 3 0
github.com/danilovid/linkkeeper/internal/bot-service/bot/wrapper.go:42.16,44.3 1 0
github.com/danilovid/linkkeeper/internal/bot-service/bot/wrapper.go:46.2,56.15 5 0
github.com/danilovid/linkkeeper/internal/bot-service/bot/wrapper.go:59.33,62.2 2 0
github.com/danilovid/linkkeeper/internal/bot-service/bot/wrapper.go:64.29,71.50 2 0
github.com/danilovid/linkkeeper/internal/bot-service/bot/wrapper.go:71.50,73.20 2 0
github.com/danilovid/linkkeeper/internal/bot-service/bot/wrapper.go:73.20,82.18 3 0
github.com/danilovid/linkkeeper/internal/bot-service/bot/wrapper.go:82.18,84.5 1 0
github.com/danilovid/linkkeeper/internal/bot-service/bot/wrapper.go:84.10,86.5 1 0
github.com/danilovid/linkkeeper/internal/bot-service/bot/wrapper.go:88.3,88.52 1 0
github.com/danilovid/linkkeeper/internal/bot-service/bot/wrapper.go:91.2,91.49 1 0
github.com/danilovid/linkkeeper/internal/bot-service/bot/wrapper.go:91.49,93.16 2 0
github.com/danilovid/linkkeeper/internal/bot-service/bot/wrapper.go:93.16,95.4 1 0
github.com/danilovid/linkkeeper/internal/bot-service/bot/wrapper.go:96.3,98.17 3 0
github.com/danilovid/linkkeeper/internal/bot-service/bot/wrapper.go:98.17,101.4 2 0
github.com/danilovid/linkkeeper/internal/bot-service/bot/wrapper.go:102.3,102.39 1 0
github.com/danilovid/linkkeeper/internal/bot-service/bot/wrapper.go:105.2,105.51 1 0
github.com/danilovid/linkkeeper/internal/bot-service/bot/wrapper.go:105.51,107.15 2 0
github.com/danilovid/linkkeeper/internal/bot-service/bot/wrapper.go:107.15,109.4 1 0
github.com/danilovid/linkkeeper/internal/bot-service/bot/wrapper.go:110.3,111.51 2 0
github.com/danilovid/linkkeeper/internal/bot-service/bot/wrapper.go:111.51,114.4 2 0
github.com/danilovid/linkkeeper/internal/bot-service/bot/wrapper.go:115.3,115.37 1 0
github.com/danilovid/linkkeeper/internal/bot-service/bot/wrapper.go:118.2,118.51 1 0
github.com/danilovid/linkkeeper/internal/bot-service/bot/wrapper.go:118.51,122.17 4 0
github.com/danilovid/linkkeeper/internal/bot-service/bot/wrapper.go:122.17,125.4 2 0
github.com/danilovid/linkkeeper/internal/bot-service/bot/wrapper.go:126.3,126.21 1 0
github.com/danilovid/linkkeeper/internal/bot-service/bot/wrapper.go:126.21,128.4 1 0
github.com/danilovid/linkkeeper/internal/bot-service/bot/wrapper.go:129.3,130.26 2 0
github.com/danilovid/linkkeeper/internal/bot-service/bot/wrapper.go:130.26,132.4 1 0
github.com/danilovid/linkkeeper/internal/bot-service/bot/wrapper.go:133.3,133.27 1 0
github.com/danilovid/linkkeeper/internal/bot-service/bot/wrapper.go:136.2,136.50 1 0
github.com/danilovid/linkkeeper/internal/bot-service/bot/wrapper.go:136.50,138.3 1 0
github.com/danilovid/linkkeeper/internal/bot-service/bot/wrapper.go:140.2,140.52 1 0
github.com/danilovid/linkkeeper/internal/bot-service/bot/wrapper.go:140.52,142.3 1 0
github.com/danilovid/linkkeeper/internal/bot-service/bot/wrapper.go:144.2,144.52 1 0
github.com/danilovid/linkkeeper/internal/bot-service/bot/wrapper.go:144.52,147.17 3 0
github.com/danilovid/linkkeeper/internal/bot-service/bot/wrapper.go:147.17,150.4 2 0
github.com/danilovid/linkkeeper/internal/bot-service/bot/wrapper.go:151.3,151.21 1 0
github.com/danilovid/linkkeeper/internal/bot-service/bot/wrapper.go:151.21,153.4 1 0
github.com/danilovid/linkkeeper/internal/bot-service/bot/wrapper.go:154.3,155.26 2 0
github.com/danilovid/linkkeeper/internal/bot-service/bot/wrapper.go:155.26,157.4 1 0
github.com/danilovid/linkkeeper/internal/bot-service/bot/wrapper.go:158.3,158.27 1 0
github.com/danilovid/linkkeeper/internal/bot-service/bot/wrapper.go:161.2,161.59 1 0
github.com/danilovid/linkkeeper/internal/bot-service/bot/wrapper.go:161.59,164.17 3 0
github.com/danilovid/linkkeeper/internal/bot-service/bot/wrapper.go:164.17,167.4 2 0
github.com/danilovid/linkkeeper/internal/bot-service/bot/wrapper.go:168.3,168.21 1 0
github.com/danilovid/linkkeeper/internal/bot-service/bot/wrapper.go:168.21,170.4 1 0
github.com/danilovid/linkkeeper/internal/bot-service/bot/wrapper.go:171.3,172.27 2 0
github.com/danilovid/linkkeeper/internal/bot-service/bot/wrapper.go:175.2,175.57 1 0
github.com/danilovid/linkkeeper/internal/bot-service/bot/wrapper.go:175.57,178.17 3 0
github.com/danilovid/linkkeeper/internal/bot-service/bot/wrapper.go:178.17,181.4 2 0
github.com/danilovid/linkkeeper/internal/bot-service/bot/wrapper.go:182.3,182.21 1 0
github.com/danilovid/linkkeeper/internal/bot-service/bot/wrapper.go:182.21,184.4 1 0
github.com/danilovid/linkkeeper/internal/bot-service/bot/wrapper.go:185.3,186.27 2 0
github.com/danilovid/linkkeeper/internal/bot-service/bot/wrapper.go:189.2,189.51 1 0
github.com/danilovid/linkkeeper/internal/bot-service/bot/wrapper.go:189.51,191.17 2 0
github.com/danilovid/linkkeeper/internal/bot-service/bot/wrapper.go:191.17,193.4 1 0
github.com/danilovid/linkkeeper/internal/bot-service/bot/wrapper.go:194.3,194.35 1 0
github.com/danilovid/linkkeeper/internal/bot-service/bot/wrapper.go:194.35,196.4 1 0
github.com/danilovid/linkkeeper/internal/bot-service/bot/wrapper.go:197.3,197.81 1 0
github.com/danilovid/linkkeeper/internal/bot-service/bot/wrapper.go:200.2,200.52 1 0
github.com/danilovid/linkkeeper/internal/bot-service/bot/wrapper.go:200.52,202.3 1 0
github.com/danilovid/linkkeeper/internal/api-service/usecase/link.go:14.66,16.2 1 9
github.com/danilovid/linkkeeper/internal/api-service/usecase/link.go:18.110,19.46 1 3
github.com/danilovid/linkkeeper/internal/api-service/usecase/link.go:19.46,21.3 1 0
github.com/danilovid/linkkeeper/internal/api-service/usecase/link.go:22.2,22.34 1 3
github.com/danilovid/linkkeeper/internal/api-service/usecase/link.go:25.88,27.2 1 2
github.com/danilovid/linkkeeper/internal/api-service/usecase/link.go:29.95,31.2 1 2
github.com/danilovid/linkkeeper/internal/api-service/usecase/link.go:33.93,35.2 1 2
github.com/danilovid/linkkeeper/internal/api-service/usecase/link.go:37.121,38.46 1 0
github.com/danilovid/linkkeeper/internal/api-service/usecase/link.go:38.46,40.3 1 0
github.com/danilovid/linkkeeper/internal/api-service/usecase/link.go:41.2,41.38 1 0
github.com/danilovid/linkkeeper/internal/api-service/usecase/link.go:44.68,46.2 1 1
github.com/danilovid/linkkeeper/internal/api-service/usecase/link.go:48.91,50.2 1 1
github.com/danilovid/linkkeeper/internal/api-service/usecase/link.go:52.99,53.15 1 1
github.com/danilovid/linkkeeper/internal/api-service/usecase/link.go:53.15,55.3 1 0
github.com/danilovid/linkkeeper/internal/api-service/usecase/link.go:56.2,56.39 1 1
github.com/danilovid/linkkeeper/internal/api-service/usecase/link.go:59.61,60.21 1 3
github.com/danilovid/linkkeeper/internal/api-service/usecase/link.go:60.21,62.3 1 0
github.com/danilovid/linkkeeper/internal/api-service/usecase/link.go:63.2,63.12 1 3
github.com/danilovid/linkkeeper/internal/api-service/usecase/link.go:66.61,67.47 1 0
github.com/danilovid/linkkeeper/internal/api-service/usecase/link.go:67.47,69.3 1 0
github.com/danilovid/linkkeeper/internal/api-service/usecase/link.go:70.2,70.42 1 0
github.com/danilovid/linkkeeper/internal/api-service/usecase/link.go:70.42,72.3 1 0
github.com/danilovid/linkkeeper/internal/api-service/usecase/link.go:73.2,73.12 1 0
github.com/danilovid/linkkeeper/pkg/config/config.go:16.20,31.2 6 0
github.com/danilovid/linkkeeper/pkg/config/config.go:33.44,34.32 1 0
github.com/danilovid/linkkeeper/pkg/config/config.go:34.32,36.3 1 0
github.com/danilovid/linkkeeper/pkg/config/config.go:37.2,37.12 1 0
github.com/danilovid/linkkeeper/pkg/httpclient/client.go:14.85,22.2 1 0
github.com/danilovid/linkkeeper/pkg/logger/logger.go:11.13,18.2 3 0
github.com/danilovid/linkkeeper/pkg/logger/logger.go:20.26,23.2 2 0
github.com/danilovid/linkkeeper/pkg/database/postgresql/postgresql.go:15.46,17.16 2 0
github.com/danilovid/linkkeeper/pkg/database/postgresql/postgresql.go:17.16,19.3 1 0
github.com/danilovid/linkkeeper/pkg/database/postgresql/postgresql.go:20.2,20.21 1 0
github.com/danilovid/linkkeeper/pkg/database/postgresql/postgresql.go:20.21,21.51 1 0
github.com/danilovid/linkkeeper/pkg/database/postgresql/postgresql.go:21.51,23.4 1 0
github.com/danilovid/linkkeeper/pkg/database/postgresql/postgresql.go:25.2,25.61 1 0
github.com/danilovid/linkkeeper/pkg/database/postgresql/postgresql.go:25.61,27.3 1 0
github.com/danilovid/linkkeeper/pkg/database/postgresql/postgresql.go:28.2,28.11 1 0
github.com/danilovid/linkkeeper/pkg/database/postgresql/postgresql.go:31.29,32.47 1 0
github.com/danilovid/linkkeeper/pkg/database/postgresql/postgresql.go:32.47,34.3 1 0
github.com/danilovid/linkkeeper/pkg/database/postgresql/postgresql.go:35.2,35.21 1 0
github.com/danilovid/linkkeeper/pkg/database/postgresql/postgresql.go:38.53,44.23 1 0
github.com/danilovid/linkkeeper/pkg/database/postgresql/postgresql.go:44.23,46.3 1 0
github.com/danilovid/linkkeeper/pkg/database/postgresql/postgresql.go:48.2,49.16 2 0
github.com/danilovid/linkkeeper/pkg/database/postgresql/postgresql.go:49.16,50.25 1 0
github.com/danilovid/linkkeeper/pkg/database/postgresql/postgresql.go:50.25,52.4 1 0
github.com/danilovid/linkkeeper/pkg/database/postgresql/postgresql.go:53.3,53.13 1 0
github.com/danilovid/linkkeeper/pkg/database/postgresql/postgresql.go:56.2,57.32 2 0
github.com/danilovid/linkkeeper/pkg/database/postgresql/postgresql.go:57.32,58.20 1 0
github.com/danilovid/linkkeeper/pkg/database/postgresql/postgresql.go:58.20,59.12 1 0
github.com/danilovid/linkkeeper/pkg/database/postgresql/postgresql.go:61.3,61.46 1 0
github.com/danilovid/linkkeeper/pkg/database/postgresql/postgresql.go:61.46,63.4 1 0
github.com/danilovid/linkkeeper/pkg/database/postgresql/postgresql.go:65.2,67.29 2 0
github.com/danilovid/linkkeeper/pkg/database/postgresql/postgresql.go:67.29,69.111 2 0
github.com/danilovid/linkkeeper/pkg/database/postgresql/postgresql.go:69.111,71.4 1 0
github.com/danilovid/linkkeeper/pkg/database/postgresql/postgresql.go:72.3,72.18 1 0
github.com/danilovid/linkkeeper/pkg/database/postgresql/postgresql.go:72.18,73.12 1 0
github.com/danilovid/linkkeeper/pkg/database/postgresql/postgresql.go:76.3,78.17 3 0
github.com/danilovid/linkkeeper/pkg/database/postgresql/postgresql.go:78.17,80.4 1 0
github.com/danilovid/linkkeeper/pkg/database/postgresql/postgresql.go:81.3,81.56 1 0
github.com/danilovid/linkkeeper/pkg/database/postgresql/postgresql.go:81.56,83.4 1 0
github.com/danilovid/linkkeeper/pkg/database/postgresql/postgresql.go:84.3,84.99 1 0
github.com/danilovid/linkkeeper/pkg/database/postgresql/postgresql.go:84.99,86.4 1 0
github.com/danilovid/linkkeeper/pkg/database/postgresql/postgresql.go:88.2,88.12 1 0
github.com/danilovid/linkkeeper/internal/user-service/repository/user.go:16.54,18.2 1 8
github.com/danilovid/linkkeeper/internal/user-service/repository/user.go:20.62,22.2 1 7
github.com/danilovid/linkkeeper/internal/user-service/repository/user.go:24.74,27.16 3 3
github.com/danilovid/linkkeeper/internal/user-service/repository/user.go:27.16,28.45 1 1
github.com/danilovid/linkkeeper/internal/user-service/repository/user.go:28.45,30.4 1 1
github.com/danilovid/linkkeeper/internal/user-service/repository/user.go:31.3,31.18 1 0
github.com/danilovid/linkkeeper/internal/user-service/repository/user.go:33.2,33.19 1 2
github.com/danilovid/linkkeeper/internal/user-service/repository/user.go:36.86,39.16 3 2
github.com/danilovid/linkkeeper/internal/user-service/repository/user.go:39.16,40.45 1 1
github.com/danilovid/linkkeeper/internal/user-service/repository/user.go:40.45,42.4 1 1
github.com/danilovid/linkkeeper/internal/user-service/repository/user.go:43.3,43.18 1 0
github.com/danilovid/linkkeeper/internal/user-service/repository/user.go:45.2,45.19 1 1
github.com/danilovid/linkkeeper/internal/user-service/repository/user.go:48.62,50.2 1 1
github.com/danilovid/linkkeeper/internal/user-service/repository/user.go:52.59,55.16 3 2
github.com/danilovid/linkkeeper/internal/user-service/repository/user.go:55.16,57.3 1 0
github.com/danilovid/linkkeeper/internal/user-service/repository/user.go:58.2,58.23 1 2
github.com/danilovid/linkkeeper/internal/user-service/transport/http/http.go:19.48,21.2 1 8
github.com/danilovid/linkkeeper/internal/user-service/transport/http/http.go:23.41,25.2 1 0
github.com/danilovid/linkkeeper/internal/user-service/transport/http/http.go:48.74,50.61 2 3
github.com/danilovid/linkkeeper/internal/user-service/transport/http/http.go:50.61,54.3 3 1
github.com/danilovid/linkkeeper/internal/user-service/transport/http/http.go:56.2,56.25 1 2
github.com/danilovid/linkkeeper/internal/user-service/transport/http/http.go:56.25,59.3 2 1
github.com/danilovid/linkkeeper/internal/user-service/transport/http/http.go:61.2,62.16 2 1
github.com/danilovid/linkkeeper/internal/user-service/transport/http/http.go:62.16,66.3 3 0
github.com/danilovid/linkkeeper/internal/user-service/transport/http/http.go:68.2,80.56 4 1
github.com/danilovid/linkkeeper/internal/user-service/transport/http/http.go:80.56,82.3 1 0
github.com/danilovid/linkkeeper/internal/user-service/transport/http/http.go:85.70,90.16 4 3
github.com/danilovid/linkkeeper/internal/user-service/transport/http/http.go:90.16,93.3 2 1
github.com/danilovid/linkkeeper/internal/user-service/transport/http/http.go:95.2,96.16 2 2
github.com/danilovid/linkkeeper/internal/user-service/transport/http/http.go:96.16,100.3 3 1
github.com/danilovid/linkkeeper/internal/user-service/transport/http/http.go:102.2,113.56 3 1
github.com/danilovid/linkkeeper/internal/user-service/transport/http/http.go:113.56,115.3 1 0
github.com/danilovid/linkkeeper/internal/user-service/transport/http/http.go:118.78,123.61 4 0
github.com/danilovid/linkkeeper/internal/user-service/transport/http/http.go:123.61,126.3 2 0
github.com/danilovid/linkkeeper/internal/user-service/transport/http/http.go:128.2,129.16 2 0
github.com/danilovid/linkkeeper/internal/user-service/transport/http/http.go:129.16,133.3 3 0
github.com/danilovid/linkkeeper/internal/user-service/transport/http/http.go:135.2,146.56 3 0
github.com/danilovid/linkkeeper/internal/user-service/transport/http/http.go:146.56,148.3 1 0
github.com/danilovid/linkkeeper/internal/user-service/transport/http/http.go:151.74,156.61 4 2
github.com/danilovid/linkkeeper/internal/user-service/transport/http/http.go:156.61,159.3 2 0
github.com/danilovid/linkkeeper/internal/user-service/transport/http/http.go:161.2,162.16 2 2
github.com/danilovid/linkkeeper/internal/user-service/transport/http/http.go:162.16,166.3 3 0
github.com/danilovid/linkkeeper/internal/user-service/transport/http/http.go:168.2,170.56 3 2
github.com/danilovid/linkkeeper/internal/user-service/transport/http/http.go:170.56,172.3 1 0
github.com/danilovid/linkkeeper/internal/user-service/transport/http/routers.go:13.40,33.71 8 0
github.com/danilovid/linkkeeper/internal/user-service/transport/http/routers.go:33.71,35.50 2 0
github.com/danilovid/linkkeeper/internal/user-service/transport/http/routers.go:35.50,37.4 1 0
github.com/danilovid/linkkeeper/internal/user-service/transport/http/routers.go:40.2,40.27 1 0
github.com/danilovid/linkkeeper/internal/user-service/transport/http/routers.go:43.49,44.71 1 0
github.com/danilovid/linkkeeper/internal/user-service/transport/http/routers.go:44.71,50.3 2 0
github.com/danilovid/linkkeeper/internal/user-service/usecase/user.go:13.70,15.2 1 8
github.com/danilovid/linkkeeper/internal/user-service/usecase/user.go:17.122,25.44 2 3
github.com/danilovid/linkkeeper/internal/user-service/usecase/user.go:25.44,27.3 1 1
github.com/danilovid/linkkeeper/internal/user-service/usecase/user.go:29.2,29.18 1 2
github.com/danilovid/linkkeeper/internal/user-service/usecase/user.go:32.81,34.2 1 1
github.com/danilovid/linkkeeper/internal/user-service/usecase/user.go:36.93,38.2 1 1
github.com/danilovid/linkkeeper/internal/user-service/usecase/user.go:40.127,42.16 2 2
github.com/danilovid/linkkeeper/internal/user-service/usecase/user.go:42.16,44.3 1 1
github.com/danilovid/linkkeeper/internal/user-service/usecase/user.go:46.2,46.64 1 1
github.com/danilovid/linkkeeper/internal/user-service/usecase/user.go:49.66,51.2 1 2
