mode: atomic
github.com/danilovid/linkkeeper/internal/bot-service/api/client.go:24.63,29.2 1 0
github.com/danilovid/linkkeeper/internal/bot-service/api/client.go:31.57,33.16 2 0
github.com/danilovid/linkkeeper/internal/bot-service/api/client.go:33.16,35.3 1 0
github.com/danilovid/linkkeeper/internal/bot-service/api/client.go:36.2,37.16 2 0
github.com/danilovid/linkkeeper/internal/bot-service/api/client.go:37.16,39.3 1 0
github.com/danilovid/linkkeeper/internal/bot-service/api/client.go:40.2,42.16 3 0
github.com/danilovid/linkkeeper/internal/bot-service/api/client.go:42.16,44.3 1 0
github.com/danilovid/linkkeeper/internal/bot-service/api/client.go:45.2,46.28 2 0
github.com/danilovid/linkkeeper/internal/bot-service/api/client.go:46.28,48.3 1 0
github.com/danilovid/linkkeeper/internal/bot-service/api/client.go:49.2,52.64 2 0
github.com/danilovid/linkkeeper/internal/bot-service/api/client.go:52.64,54.3 1 0
github.com/danilovid/linkkeeper/internal/bot-service/api/client.go:55.2,55.20 1 0
github.com/danilovid/linkkeeper/internal/bot-service/api/client.go:58.46,60.16 2 0
github.com/danilovid/linkkeeper/internal/bot-service/api/client.go:60.16,62.3 1 0
github.com/danilovid/linkkeeper/internal/bot-service/api/client.go:63.2,64.16 2 0
github.com/danilovid/linkkeeper/internal/bot-service/api/client.go:64.16,66.3 1 0
github.com/danilovid/linkkeeper/internal/bot-service/api/client.go:67.2,68.28 2 0
github.com/danilovid/linkkeeper/internal/bot-service/api/client.go:68.28,70.3 1 0
github.com/danilovid/linkkeeper/internal/bot-service/api/client.go:71.2,71.12 1 0
github.com/danilovid/linkkeeper/internal/bot-service/api/client.go:74.60,76.20 2 0
github.com/danilovid/linkkeeper/internal/bot-service/api/client.go:76.20,78.3 1 0
github.com/danilovid/linkkeeper/internal/bot-service/api/client.go:79.2,80.16 2 0
github.com/danilovid/linkkeeper/internal/bot-service/api/client.go:80.16,82.3 1 0
github.com/danilovid/linkkeeper/internal/bot-service/api/client.go:83.2,84.16 2 0
github.com/danilovid/linkkeeper/internal/bot-service/api/client.go:84.16,86.3 1 0
github.com/danilovid/linkkeeper/internal/bot-service/api/client.go:87.2,88.28 2 0
github.com/danilovid/linkkeeper/internal/bot-service/api/client.go:88.28,90.3 1 0
github.com/danilovid/linkkeeper/internal/bot-service/api/client.go:91.2,92.64 2 0
github.com/danilovid/linkkeeper/internal/bot-service/api/client.go:92.64,94.3 1 0
github.com/danilovid/linkkeeper/internal/bot-service/api/client.go:95.2,95.17 1 0
github.com/danilovid/linkkeeper/internal/bot-service/bot/config.go:16.35,17.38 1 0
github.com/danilovid/linkkeeper/internal/bot-service/bot/config.go:17.38,19.3 1 0
github.com/danilovid/linkkeeper/internal/bot-service/bot/config.go:20.2,20.43 1 0
github.com/danilovid/linkkeeper/internal/bot-service/bot/config.go:20.43,22.3 1 0
github.com/danilovid/linkkeeper/internal/bot-service/bot/config.go:23.2,23.47 1 0
github.com/danilovid/linkkeeper/internal/bot-service/bot/config.go:23.47,25.3 1 0
github.com/danilovid/linkkeeper/internal/bot-service/bot/config.go:26.2,26.20 1 0
github.com/danilovid/linkkeeper/internal/bot-service/bot/config.go:26.20,28.3 1 0
github.com/danilovid/linkkeeper/internal/bot-service/bot/config.go:29.2,29.12 1 0
github.com/danilovid/linkkeeper/internal/bot-service/bot/wrapper.go:30.51,31.42 1 0
github.com/danilovid/linkkeeper/internal/bot-service/bot/wrapper.go:31.42,33.3 1 0
github.com/danilovid/linkkeeper/internal/bot-service/bot/wrapper.go:35.2,41.16 3 0
github.com/danilovid/linkkeeper/internal/bot-service/bot/wrapper.go:41.16,43.3 1 0
github.com/danilovid/linkkeeper/internal/bot-service/bot/wrapper.go:45.2,55.15 5 0
github.com/danilovid/linkkeeper/internal/bot-service/bot/wrapper.go:58.33,61.2 2 0
github.com/danilovid/linkkeeper/internal/bot-service/bot/wrapper.go:63.29,70.50 2 0
github.com/danilovid/linkkeeper/internal/bot-service/bot/wrapper.go:70.50,72.20 2 0
github.com/danilovid/linkkeeper/internal/bot-service/bot/wrapper.go:72.20,79.18 2 0
github.com/danilovid/linkkeeper/internal/bot-service/bot/wrapper.go:79.18,81.5 1 0
github.com/danilovid/linkkeeper/internal/bot-service/bot/wrapper.go:81.10,83.5 1 0
github.com/danilovid/linkkeeper/internal/bot-service/bot/wrapper.go:85.3,85.52 1 0
github.com/danilovid/linkkeeper/internal/bot-service/bot/wrapper.go:88.2,88.49 1 0
github.com/danilovid/linkkeeper/internal/bot-service/bot/wrapper.go:88.49,90.16 2 0
github.com/danilovid/linkkeeper/internal/bot-service/bot/wrapper.go:90.16,92.4 1 0
github.com/danilovid/linkkeeper/internal/bot-service/bot/wrapper.go:93.3,94.17 2 0
github.com/danilovid/linkkeeper/internal/bot-service/bot/wrapper.go:94.17,97.4 2 0
github.com/danilovid/linkkeeper/internal/bot-service/bot/wrapper.go:98.3,98.39 1 0
github.com/danilovid/linkkeeper/internal/bot-service/bot/wrapper.go:101.2,101.51 1 0
github.com/danilovid/linkkeeper/internal/bot-service/bot/wrapper.go:101.51,103.15 2 0
github.com/danilovid/linkkeeper/internal/bot-service/bot/wrapper.go:103.15,105.4 1 0
github.com/danilovid/linkkeeper/internal/bot-service/bot/wrapper.go:106.3,106.46 1 0
github.com/danilovid/linkkeeper/internal/bot-service/bot/wrapper.go:106.46,109.4 2 0
github.com/danilovid/linkkeeper/internal/bot-service/bot/wrapper.go:110.3,110.37 1 0
github.com/danilovid/linkkeeper/internal/bot-service/bot/wrapper.go:113.2,113.51 1 0
github.com/danilovid/linkkeeper/internal/bot-service/bot/wrapper.go:113.51,116.17 3 0
github.com/danilovid/linkkeeper/internal/bot-service/bot/wrapper.go:116.17,119.4 2 0
github.com/danilovid/linkkeeper/internal/bot-service/bot/wrapper.go:120.3,120.21 1 0
github.com/danilovid/linkkeeper/internal/bot-service/bot/wrapper.go:120.21,122.4 1 0
github.com/danilovid/linkkeeper/internal/bot-service/bot/wrapper.go:123.3,124.26 2 0
github.com/danilovid/linkkeeper/internal/bot-service/bot/wrapper.go:124.26,126.4 1 0
github.com/danilovid/linkkeeper/internal/bot-service/bot/wrapper.go:127.3,127.27 1 0
github.com/danilovid/linkkeeper/internal/bot-service/bot/wrapper.go:130.2,130.50 1 0
github.com/danilovid/linkkeeper/internal/bot-service/bot/wrapper.go:130.50,132.3 1 0
github.com/danilovid/linkkeeper/internal/bot-service/bot/wrapper.go:134.2,134.52 1 0
github.com/danilovid/linkkeeper/internal/bot-service/bot/wrapper.go:134.52,136.3 1 0
github.com/danilovid/linkkeeper/internal/bot-service/bot/wrapper.go:138.2,138.52 1 0
github.com/danilovid/linkkeeper/internal/bot-service/bot/wrapper.go:138.52,140.17 2 0
github.com/danilovid/linkkeeper/internal/bot-service/bot/wrapper.go:140.17,143.4 2 0
github.com/danilovid/linkkeeper/internal/bot-service/bot/wrapper.go:144.3,144.21 1 0
github.com/danilovid/linkkeeper/internal/bot-service/bot/wrapper.go:144.21,146.4 1 0
github.com/danilovid/linkkeeper/internal/bot-service/bot/wrapper.go:147.3,148.26 2 0
github.com/danilovid/linkkeeper/internal/bot-service/bot/wrapper.go:148.26,150.4 1 0
github.com/danilovid/linkkeeper/internal/bot-service/bot/wrapper.go:151.3,151.27 1 0
github.com/danilovid/linkkeeper/internal/bot-service/bot/wrapper.go:154.2,154.59 1 0
github.com/danilovid/linkkeeper/internal/bot-service/bot/wrapper.go:154.59,156.17 2 0
github.com/danilovid/linkkeeper/internal/bot-service/bot/wrapper.go:156.17,159.4 2 0
github.com/danilovid/linkkeeper/internal/bot-service/bot/wrapper.go:160.3,160.21 1 0
github.com/danilovid/linkkeeper/internal/bot-service/bot/wrapper.go:160.21,162.4 1 0
github.com/danilovid/linkkeeper/internal/bot-service/bot/wrapper.go:163.3,164.27 2 0
github.com/danilovid/linkkeeper/internal/bot-service/bot/wrapper.go:167.2,167.57 1 0
github.com/danilovid/linkkeeper/internal/bot-service/bot/wrapper.go:167.57,169.17 2 0
github.com/danilovid/linkkeeper/internal/bot-service/bot/wrapper.go:169.17,172.4 2 0
github.com/danilovid/linkkeeper/internal/bot-service/bot/wrapper.go:173.3,173.21 1 0
github.com/danilovid/linkkeeper/internal/bot-service/bot/wrapper.go:173.21,175.4 1 0
github.com/danilovid/linkkeeper/internal/bot-service/bot/wrapper.go:176.3,177.27 2 0
github.com/danilovid/linkkeeper/internal/bot-service/bot/wrapper.go:180.2,180.51 1 0
github.com/danilovid/linkkeeper/internal/bot-service/bot/wrapper.go:180.51,182.17 2 0
github.com/danilovid/linkkeeper/internal/bot-service/bot/wrapper.go:182.17,184.4 1 0
github.com/danilovid/linkkeeper/internal/bot-service/bot/wrapper.go:185.3,185.35 1 0
github.com/danilovid/linkkeeper/internal/bot-service/bot/wrapper.go:185.35,187.4 1 0
github.com/danilovid/linkkeeper/internal/bot-service/bot/wrapper.go:188.3,188.81 1 0
github.com/danilovid/linkkeeper/internal/bot-service/bot/wrapper.go:191.2,191.52 1 0
github.com/danilovid/linkkeeper/internal/bot-service/bot/wrapper.go:191.52,193.3 1 0
github.com/danilovid/linkkeeper/internal/user-service/models.go:20.37,22.2 1 0
github.com/danilovid/linkkeeper/internal/user-service/models.go:24.53,25.22 1 0
github.com/danilovid/linkkeeper/internal/user-service/models.go:25.22,27.3 1 0
github.com/danilovid/linkkeeper/internal/user-service/models.go:28.2,28.12 1 0
github.com/danilovid/linkkeeper/internal/bot-service/user/client.go:38.63,43.2 1 0
github.com/danilovid/linkkeeper/internal/bot-service/user/client.go:45.105,54.16 3 0
github.com/danilovid/linkkeeper/internal/bot-service/user/client.go:54.16,56.3 1 0
github.com/danilovid/linkkeeper/internal/bot-service/user/client.go:58.2,59.16 2 0
github.com/danilovid/linkkeeper/internal/bot-service/user/client.go:59.16,61.3 1 0
github.com/danilovid/linkkeeper/internal/bot-service/user/client.go:62.2,65.16 3 0
github.com/danilovid/linkkeeper/internal/bot-service/user/client.go:65.16,67.3 1 0
github.com/danilovid/linkkeeper/internal/bot-service/user/client.go:68.2,70.28 2 0
github.com/danilovid/linkkeeper/internal/bot-service/user/client.go:70.28,72.3 1 0
github.com/danilovid/linkkeeper/internal/bot-service/user/client.go:74.2,75.65 2 0
github.com/danilovid/linkkeeper/internal/bot-service/user/client.go:75.65,77.3 1 0
github.com/danilovid/linkkeeper/internal/bot-service/user/client.go:79.2,79.19 1 0
github.com/danilovid/linkkeeper/internal/bot-service/user/client.go:82.71,86.16 3 0
github.com/danilovid/linkkeeper/internal/bot-service/user/client.go:86.16,88.3 1 0
github.com/danilovid/linkkeeper/internal/bot-service/user/client.go:90.2,91.16 2 0
github.com/danilovid/linkkeeper/internal/bot-service/user/client.go:91.16,93.3 1 0
github.com/danilovid/linkkeeper/internal/bot-service/user/client.go:94.2,96.28 2 0
github.com/danilovid/linkkeeper/internal/bot-service/user/client.go:96.28,98.3 1 0
github.com/danilovid/linkkeeper/internal/bot-service/user/client.go:100.2,101.65 2 0
github.com/danilovid/linkkeeper/internal/bot-service/user/client.go:101.65,103.3 1 0
github.com/danilovid/linkkeeper/internal/bot-service/user/client.go:105.2,105.19 1 0
github.com/danilovid/linkkeeper/internal/bot-service/user/client.go:108.61,112.16 3 0
github.com/danilovid/linkkeeper/internal/bot-service/user/client.go:112.16,114.3 1 0
github.com/danilovid/linkkeeper/internal/bot-service/user/client.go:116.2,117.16 2 0
github.com/danilovid/linkkeeper/internal/bot-service/user/client.go:117.16,119.3 1 0
github.com/danilovid/linkkeeper/internal/bot-service/user/client.go:120.2,122.28 2 0
github.com/danilovid/linkkeeper/internal/bot-service/user/client.go:122.28,124.3 1 0
github.com/danilovid/linkkeeper/internal/bot-service/user/client.go:126.2,127.67 2 0
github.com/danilovid/linkkeeper/internal/bot-service/user/client.go:127.67,129.3 1 0
github.com/danilovid/linkkeeper/internal/bot-service/user/client.go:131.2,131.27 1 0
github.com/danilovid/linkkeeper/cmd/bot-service/main.go:14.13,25.16 4 0
github.com/danilovid/linkkeeper/cmd/bot-service/main.go:25.16,27.3 1 0
github.com/danilovid/linkkeeper/cmd/bot-service/main.go:29.2,30.34 2 0
github.com/danilovid/linkkeeper/cmd/bot-service/main.go:30.34,32.3 1 0
github.com/danilovid/linkkeeper/cmd/bot-service/main.go:35.34,37.15 2 0
github.com/danilovid/linkkeeper/cmd/bot-service/main.go:37.15,39.3 1 0
github.com/danilovid/linkkeeper/cmd/bot-service/main.go:40.2,41.32 2 0
github.com/danilovid/linkkeeper/cmd/bot-service/main.go:41.32,43.3 1 0
github.com/danilovid/linkkeeper/cmd/bot-service/main.go:44.2,44.45 1 0
github.com/danilovid/linkkeeper/internal/api-service/transport/http/http.go:21.51,29.2 4 0
github.com/danilovid/linkkeeper/internal/api-service/transport/http/http.go:31.41,33.2 1 0
github.com/danilovid/linkkeeper/internal/api-service/transport/http/http.go:35.27,60.2 13 0
github.com/danilovid/linkkeeper/internal/api-service/transport/http/http.go:62.52,63.71 1 0
github.com/danilovid/linkkeeper/internal/api-service/transport/http/http.go:63.71,71.3 3 0
github.com/danilovid/linkkeeper/internal/api-service/transport/http/routers.go:36.53,38.2 1 0
github.com/danilovid/linkkeeper/internal/api-service/transport/http/routers.go:40.44,41.54 1 0
github.com/danilovid/linkkeeper/internal/api-service/transport/http/routers.go:41.54,43.61 2 0
github.com/danilovid/linkkeeper/internal/api-service/transport/http/routers.go:43.61,46.3 2 0
github.com/danilovid/linkkeeper/internal/api-service/transport/http/routers.go:47.2,54.17 5 0
github.com/danilovid/linkkeeper/internal/api-service/transport/http/routers.go:54.17,57.4 2 0
github.com/danilovid/linkkeeper/internal/api-service/transport/http/routers.go:58.3,58.57 1 0
github.com/danilovid/linkkeeper/internal/api-service/transport/http/routers.go:62.41,63.54 1 0
github.com/danilovid/linkkeeper/internal/api-service/transport/http/routers.go:63.54,66.17 3 0
github.com/danilovid/linkkeeper/internal/api-service/transport/http/routers.go:66.17,69.4 2 0
github.com/danilovid/linkkeeper/internal/api-service/transport/http/routers.go:70.3,70.52 1 0
github.com/danilovid/linkkeeper/internal/api-service/transport/http/routers.go:74.42,75.54 1 0
github.com/danilovid/linkkeeper/internal/api-service/transport/http/routers.go:75.54,78.18 3 0
github.com/danilovid/linkkeeper/internal/api-service/transport/http/routers.go:78.18,80.4 1 0
github.com/danilovid/linkkeeper/internal/api-service/transport/http/routers.go:81.3,82.17 2 0
github.com/danilovid/linkkeeper/internal/api-service/transport/http/routers.go:82.17,85.4 2 0
github.com/danilovid/linkkeeper/internal/api-service/transport/http/routers.go:86.3,87.30 2 0
github.com/danilovid/linkkeeper/internal/api-service/transport/http/routers.go:87.30,89.4 1 0
github.com/danilovid/linkkeeper/internal/api-service/transport/http/routers.go:90.3,90.36 1 0
github.com/danilovid/linkkeeper/internal/api-service/transport/http/routers.go:94.44,95.54 1 0
github.com/danilovid/linkkeeper/internal/api-service/transport/http/routers.go:95.54,98.17 3 0
github.com/danilovid/linkkeeper/internal/api-service/transport/http/routers.go:98.17,101.4 2 0
github.com/danilovid/linkkeeper/internal/api-service/transport/http/routers.go:102.3,102.52 1 0
github.com/danilovid/linkkeeper/internal/api-service/transport/http/routers.go:106.44,107.54 1 0
github.com/danilovid/linkkeeper/internal/api-service/transport/http/routers.go:107.54,110.62 3 0
github.com/danilovid/linkkeeper/internal/api-service/transport/http/routers.go:110.62,113.4 2 0
github.com/danilovid/linkkeeper/internal/api-service/transport/http/routers.go:114.2,114.20 1 0
github.com/danilovid/linkkeeper/internal/api-service/transport/http/routers.go:114.20,117.3 2 0
github.com/danilovid/linkkeeper/internal/api-service/transport/http/routers.go:118.2,118.25 1 0
github.com/danilovid/linkkeeper/internal/api-service/transport/http/routers.go:118.25,121.3 2 0
github.com/danilovid/linkkeeper/internal/api-service/transport/http/routers.go:122.2,127.17 3 0
github.com/danilovid/linkkeeper/internal/api-service/transport/http/routers.go:127.17,130.4 2 0
github.com/danilovid/linkkeeper/internal/api-service/transport/http/routers.go:131.3,131.52 1 0
github.com/danilovid/linkkeeper/internal/api-service/transport/http/routers.go:135.44,136.54 1 0
github.com/danilovid/linkkeeper/internal/api-service/transport/http/routers.go:136.54,138.54 2 0
github.com/danilovid/linkkeeper/internal/api-service/transport/http/routers.go:138.54,141.4 2 0
github.com/danilovid/linkkeeper/internal/api-service/transport/http/routers.go:142.3,142.38 1 0
github.com/danilovid/linkkeeper/internal/api-service/transport/http/routers.go:146.48,147.54 1 0
github.com/danilovid/linkkeeper/internal/api-service/transport/http/routers.go:147.54,150.17 3 0
github.com/danilovid/linkkeeper/internal/api-service/transport/http/routers.go:150.17,153.4 2 0
github.com/danilovid/linkkeeper/internal/api-service/transport/http/routers.go:154.3,154.52 1 0
github.com/danilovid/linkkeeper/internal/api-service/transport/http/routers.go:158.50,159.54 1 0
github.com/danilovid/linkkeeper/internal/api-service/transport/http/routers.go:159.54,161.17 2 0
github.com/danilovid/linkkeeper/internal/api-service/transport/http/routers.go:161.17,163.4 1 0
github.com/danilovid/linkkeeper/internal/api-service/transport/http/routers.go:164.3,165.17 2 0
github.com/danilovid/linkkeeper/internal/api-service/transport/http/routers.go:165.17,168.4 2 0
github.com/danilovid/linkkeeper/internal/api-service/transport/http/routers.go:169.3,169.37 1 0
github.com/danilovid/linkkeeper/internal/api-service/transport/http/routers.go:173.58,177.2 3 0
github.com/danilovid/linkkeeper/internal/api-service/transport/http/routers.go:179.51,180.9 1 0
github.com/danilovid/linkkeeper/internal/api-service/transport/http/routers.go:181.46,182.50 1 0
github.com/danilovid/linkkeeper/internal/api-service/transport/http/routers.go:183.50,184.52 1 0
github.com/danilovid/linkkeeper/internal/api-service/transport/http/routers.go:185.10,186.66 1 0
github.com/danilovid/linkkeeper/internal/api-service/transport/http/routers.go:190.56,200.2 1 0
github.com/danilovid/linkkeeper/internal/api-service/transport/http/routers.go:202.47,203.15 1 0
github.com/danilovid/linkkeeper/internal/api-service/transport/http/routers.go:203.15,205.3 1 0
github.com/danilovid/linkkeeper/internal/api-service/transport/http/routers.go:206.2,207.16 2 0
github.com/danilovid/linkkeeper/internal/api-service/transport/http/routers.go:207.16,209.3 1 0
github.com/danilovid/linkkeeper/internal/api-service/transport/http/routers.go:210.2,210.15 1 0
github.com/danilovid/linkkeeper/cmd/api-service/main.go:21.13,33.12 8 0
github.com/danilovid/linkkeeper/cmd/api-service/main.go:33.12,35.46 2 0
github.com/danilovid/linkkeeper/cmd/api-service/main.go:35.46,37.4 1 0
github.com/danilovid/linkkeeper/cmd/api-service/main.go:40.2,40.25 1 0
github.com/danilovid/linkkeeper/cmd/api-service/main.go:40.25,44.3 3 0
github.com/danilovid/linkkeeper/cmd/api-service/main.go:47.33,52.2 4 0
github.com/danilovid/linkkeeper/internal/api-service/repository/link.go:18.41,20.2 1 0
github.com/danilovid/linkkeeper/internal/api-service/repository/link.go:32.107,38.67 2 0
github.com/danilovid/linkkeeper/internal/api-service/repository/link.go:38.67,40.3 1 0
github.com/danilovid/linkkeeper/internal/api-service/repository/link.go:41.2,41.27 1 0
github.com/danilovid/linkkeeper/internal/api-service/repository/link.go:44.85,46.80 2 0
github.com/danilovid/linkkeeper/internal/api-service/repository/link.go:46.80,48.3 1 0
github.com/danilovid/linkkeeper/internal/api-service/repository/link.go:49.2,49.27 1 0
github.com/danilovid/linkkeeper/internal/api-service/repository/link.go:52.92,58.35 2 0
github.com/danilovid/linkkeeper/internal/api-service/repository/link.go:58.35,60.3 1 0
github.com/danilovid/linkkeeper/internal/api-service/repository/link.go:61.2,62.27 2 0
github.com/danilovid/linkkeeper/internal/api-service/repository/link.go:62.27,64.3 1 0
github.com/danilovid/linkkeeper/internal/api-service/repository/link.go:65.2,65.17 1 0
github.com/danilovid/linkkeeper/internal/api-service/repository/link.go:68.90,71.20 3 0
github.com/danilovid/linkkeeper/internal/api-service/repository/link.go:71.20,73.3 1 0
github.com/danilovid/linkkeeper/internal/api-service/repository/link.go:74.2,74.72 1 0
github.com/danilovid/linkkeeper/internal/api-service/repository/link.go:74.72,76.3 1 0
github.com/danilovid/linkkeeper/internal/api-service/repository/link.go:77.2,77.27 1 0
github.com/danilovid/linkkeeper/internal/api-service/repository/link.go:80.118,82.22 2 0
github.com/danilovid/linkkeeper/internal/api-service/repository/link.go:82.22,84.3 1 0
github.com/danilovid/linkkeeper/internal/api-service/repository/link.go:85.2,85.27 1 0
github.com/danilovid/linkkeeper/internal/api-service/repository/link.go:85.27,87.3 1 0
github.com/danilovid/linkkeeper/internal/api-service/repository/link.go:88.2,88.22 1 0
github.com/danilovid/linkkeeper/internal/api-service/repository/link.go:88.22,93.23 2 0
github.com/danilovid/linkkeeper/internal/api-service/repository/link.go:93.23,95.4 1 0
github.com/danilovid/linkkeeper/internal/api-service/repository/link.go:96.3,96.28 1 0
github.com/danilovid/linkkeeper/internal/api-service/repository/link.go:96.28,98.4 1 0
github.com/danilovid/linkkeeper/internal/api-service/repository/link.go:100.2,100.27 1 0
github.com/danilovid/linkkeeper/internal/api-service/repository/link.go:103.65,105.22 2 0
github.com/danilovid/linkkeeper/internal/api-service/repository/link.go:105.22,107.3 1 0
github.com/danilovid/linkkeeper/internal/api-service/repository/link.go:108.2,108.27 1 0
github.com/danilovid/linkkeeper/internal/api-service/repository/link.go:108.27,110.3 1 0
github.com/danilovid/linkkeeper/internal/api-service/repository/link.go:111.2,111.12 1 0
github.com/danilovid/linkkeeper/internal/api-service/repository/link.go:114.88,123.22 3 0
github.com/danilovid/linkkeeper/internal/api-service/repository/link.go:123.22,125.3 1 0
github.com/danilovid/linkkeeper/internal/api-service/repository/link.go:126.2,126.27 1 0
github.com/danilovid/linkkeeper/internal/api-service/repository/link.go:126.27,128.3 1 0
github.com/danilovid/linkkeeper/internal/api-service/repository/link.go:129.2,129.27 1 0
github.com/danilovid/linkkeeper/internal/api-service/repository/link.go:132.96,133.15 1 0
github.com/danilovid/linkkeeper/internal/api-service/repository/link.go:133.15,135.3 1 0
github.com/danilovid/linkkeeper/internal/api-service/repository/link.go:136.2,136.16 1 0
github.com/danilovid/linkkeeper/internal/api-service/repository/link.go:136.16,138.3 1 0
github.com/danilovid/linkkeeper/internal/api-service/repository/link.go:140.2,155.16 5 0
github.com/danilovid/linkkeeper/internal/api-service/repository/link.go:155.16,157.3 1 0
github.com/danilovid/linkkeeper/internal/api-service/repository/link.go:159.2,160.28 2 0
github.com/danilovid/linkkeeper/internal/api-service/repository/link.go:160.28,162.3 1 0
github.com/danilovid/linkkeeper/internal/api-service/repository/link.go:164.2,165.33 2 0
github.com/danilovid/linkkeeper/internal/api-service/repository/link.go:165.33,166.23 1 0
github.com/danilovid/linkkeeper/internal/api-service/repository/link.go:166.23,168.4 1 0
github.com/danilovid/linkkeeper/internal/api-service/repository/link.go:171.2,173.33 3 0
github.com/danilovid/linkkeeper/internal/api-service/repository/link.go:173.33,179.19 5 0
github.com/danilovid/linkkeeper/internal/api-service/repository/link.go:179.19,181.19 2 0
github.com/danilovid/linkkeeper/internal/api-service/repository/link.go:181.19,183.5 1 0
github.com/danilovid/linkkeeper/internal/api-service/repository/link.go:183.10,183.26 1 0
github.com/danilovid/linkkeeper/internal/api-service/repository/link.go:183.26,185.5 1 0
github.com/danilovid/linkkeeper/internal/api-service/repository/link.go:185.10,185.26 1 0
github.com/danilovid/linkkeeper/internal/api-service/repository/link.go:185.26,187.5 1 0
github.com/danilovid/linkkeeper/internal/api-service/repository/link.go:187.10,187.26 1 0
github.com/danilovid/linkkeeper/internal/api-service/repository/link.go:187.26,189.5 1 0
github.com/danilovid/linkkeeper/internal/api-service/repository/link.go:192.3,196.5 1 0
github.com/danilovid/linkkeeper/internal/api-service/repository/link.go:199.2,199.19 1 0
github.com/danilovid/linkkeeper/internal/api-service/repository/link.go:202.30,203.44 1 0
github.com/danilovid/linkkeeper/internal/api-service/repository/link.go:203.44,205.3 1 0
github.com/danilovid/linkkeeper/internal/api-service/repository/link.go:206.2,206.12 1 0
github.com/danilovid/linkkeeper/internal/api-service/repository/link.go:209.42,219.2 1 0
github.com/danilovid/linkkeeper/internal/api-service/usecase/link.go:14.66,16.2 1 9
github.com/danilovid/linkkeeper/internal/api-service/usecase/link.go:18.110,19.46 1 3
github.com/danilovid/linkkeeper/internal/api-service/usecase/link.go:19.46,21.3 1 0
github.com/danilovid/linkkeeper/internal/api-service/usecase/link.go:22.2,22.34 1 3
github.com/danilovid/linkkeeper/internal/api-service/usecase/link.go:25.88,27.2 1 2
github.com/danilovid/linkkeeper/internal/api-service/usecase/link.go:29.95,31.2 1 2
github.com/danilovid/linkkeeper/internal/api-service/usecase/link.go:33.93,35.2 1 2
github.com/danilovid/linkkeeper/internal/api-service/usecase/link.go:37.121,38.46 1 0
github.com/danilovid/linkkeeper/internal/api-service/usecase/link.go:38.46,40.3 1 0
github.com/danilovid/linkkeeper/internal/api-service/usecase/link.go:41.2,41.38 1 0
github.com/danilovid/linkkeeper/internal/api-service/usecase/link.go:44.68,46.2 1 1
github.com/danilovid/linkkeeper/internal/api-service/usecase/link.go:48.91,50.2 1 1
github.com/danilovid/linkkeeper/internal/api-service/usecase/link.go:52.99,53.15 1 1
github.com/danilovid/linkkeeper/internal/api-service/usecase/link.go:53.15,55.3 1 0
github.com/danilovid/linkkeeper/internal/api-service/usecase/link.go:56.2,56.39 1 1
github.com/danilovid/linkkeeper/internal/api-service/usecase/link.go:59.61,60.21 1 3
github.com/danilovid/linkkeeper/internal/api-service/usecase/link.go:60.21,62.3 1 0
github.com/danilovid/linkkeeper/internal/api-service/usecase/link.go:63.2,63.12 1 3
github.com/danilovid/linkkeeper/internal/api-service/usecase/link.go:66.61,67.47 1 0
github.com/danilovid/linkkeeper/internal/api-service/usecase/link.go:67.47,69.3 1 0
github.com/danilovid/linkkeeper/internal/api-service/usecase/link.go:70.2,70.42 1 0
github.com/danilovid/linkkeeper/internal/api-service/usecase/link.go:70.42,72.3 1 0
github.com/danilovid/linkkeeper/internal/api-service/usecase/link.go:73.2,73.12 1 0
github.com/danilovid/linkkeeper/cmd/user-service/main.go:23.13,35.12 8 0
github.com/danilovid/linkkeeper/cmd/user-service/main.go:35.12,37.46 2 0
github.com/danilovid/linkkeeper/cmd/user-service/main.go:37.46,39.4 1 0
github.com/danilovid/linkkeeper/cmd/user-service/main.go:42.2,42.25 1 0
github.com/danilovid/linkkeeper/cmd/user-service/main.go:42.25,46.3 3 0
github.com/danilovid/linkkeeper/cmd/user-service/main.go:49.33,54.2 4 0
github.com/danilovid/linkkeeper/pkg/config/config.go:16.20,31.2 6 0
github.com/danilovid/linkkeeper/pkg/config/config.go:33.44,34.32 1 0
github.com/danilovid/linkkeeper/pkg/config/config.go:34.32,36.3 1 0
github.com/danilovid/linkkeeper/pkg/config/config.go:37.2,37.12 1 0
github.com/danilovid/linkkeeper/pkg/database/postgresql/postgresql.go:15.46,17.16 2 0
github.com/danilovid/linkkeeper/pkg/database/postgresql/postgresql.go:17.16,19.3 1 0
github.com/danilovid/linkkeeper/pkg/database/postgresql/postgresql.go:20.2,20.21 1 0
github.com/danilovid/linkkeeper/pkg/database/postgresql/postgresql.go:20.21,21.51 1 0
github.com/danilovid/linkkeeper/pkg/database/postgresql/postgresql.go:21.51,23.4 1 0
github.com/danilovid/linkkeeper/pkg/database/postgresql/postgresql.go:25.2,25.61 1 0
github.com/danilovid/linkkeeper/pkg/database/postgresql/postgresql.go:25.61,27.3 1 0
github.com/danilovid/linkkeeper/pkg/database/postgresql/postgresql.go:28.2,28.11 1 0
github.com/danilovid/linkkeeper/pkg/database/postgresql/postgresql.go:31.29,32.47 1 0
github.com/danilovid/linkkeeper/pkg/database/postgresql/postgresql.go:32.47,34.3 1 0
github.com/danilovid/linkkeeper/pkg/database/postgresql/postgresql.go:35.2,35.21 1 0
github.com/danilovid/linkkeeper/pkg/database/postgresql/postgresql.go:38.53,44.23 1 0
github.com/danilovid/linkkeeper/pkg/database/postgresql/postgresql.go:44.23,46.3 1 0
github.com/danilovid/linkkeeper/pkg/database/postgresql/postgresql.go:48.2,49.16 2 0
github.com/danilovid/linkkeeper/pkg/database/postgresql/postgresql.go:49.16,50.25 1 0
github.com/danilovid/linkkeeper/pkg/database/postgresql/postgresql.go:50.25,52.4 1 0
github.com/danilovid/linkkeeper/pkg/database/postgresql/postgresql.go:53.3,53.13 1 0
github.com/danilovid/linkkeeper/pkg/database/postgresql/postgresql.go:56.2,57.32 2 0
github.com/danilovid/linkkeeper/pkg/database/postgresql/postgresql.go:57.32,58.20 1 0
github.com/danilovid/linkkeeper/pkg/database/postgresql/postgresql.go:58.20,59.12 1 0
github.com/danilovid/linkkeeper/pkg/database/postgresql/postgresql.go:61.3,61.46 1 0
github.com/danilovid/linkkeeper/pkg/database/postgresql/postgresql.go:61.46,63.4 1 0
github.com/danilovid/linkkeeper/pkg/database/postgresql/postgresql.go:65.2,67.29 2 0
github.com/danilovid/linkkeeper/pkg/database/postgresql/postgresql.go:67.29,69.111 2 0
github.com/danilovid/linkkeeper/pkg/database/postgresql/postgresql.go:69.111,71.4 1 0
github.com/danilovid/linkkeeper/pkg/database/postgresql/postgresql.go:72.3,72.18 1 0
github.com/danilovid/linkkeeper/pkg/database/postgresql/postgresql.go:72.18,73.12 1 0
github.com/danilovid/linkkeeper/pkg/database/postgresql/postgresql.go:76.3,78.17 3 0
github.com/danilovid/linkkeeper/pkg/database/postgresql/postgresql.go:78.17,80.4 1 0
github.com/danilovid/linkkeeper/pkg/database/postgresql/postgresql.go:81.3,81.56 1 0
github.com/danilovid/linkkeeper/pkg/database/postgresql/postgresql.go:81.56,83.4 1 0
github.com/danilovid/linkkeeper/pkg/database/postgresql/postgresql.go:84.3,84.99 1 0
github.com/danilovid/linkkeeper/pkg/database/postgresql/postgresql.go:84.99,86.4 1 0
github.com/danilovid/linkkeeper/pkg/database/postgresql/postgresql.go:88.2,88.12 1 0
github.com/danilovid/linkkeeper/pkg/logger/logger.go:11.13,18.2 3 0
github.com/danilovid/linkkeeper/pkg/logger/logger.go:20.26,23.2 2 0
github.com/danilovid/linkkeeper/pkg/httpclient/client.go:14.85,22.2 1 0
github.com/danilovid/linkkeeper/internal/user-service/repository/user.go:16.54,18.2 1 8
github.com/danilovid/linkkeeper/internal/user-service/repository/user.go:20.62,22.2 1 7
github.com/danilovid/linkkeeper/internal/user-service/repository/user.go:24.74,27.16 3 3
github.com/danilovid/linkkeeper/internal/user-service/repository/user.go:27.16,28.45 1 1
github.com/danilovid/linkkeeper/internal/user-service/repository/user.go:28.45,30.4 1 1
github.com/danilovid/linkkeeper/internal/user-service/repository/user.go:31.3,31.18 1 0
github.com/danilovid/linkkeeper/internal/user-service/repository/user.go:33.2,33.19 1 2
github.com/danilovid/linkkeeper/internal/user-service/repository/user.go:36.86,39.16 3 2
github.com/danilovid/linkkeeper/internal/user-service/repository/user.go:39.16,40.45 1 1
github.com/danilovid/linkkeeper/internal/user-service/repository/user.go:40.45,42.4 1 1
github.com/danilovid/linkkeeper/internal/user-service/repository/user.go:43.3,43.18 1 0
github.com/danilovid/linkkeeper/internal/user-service/repository/user.go:45.2,45.19 1 1
github.com/danilovid/linkkeeper/internal/user-service/repository/user.go:48.62,50.2 1 1
github.com/danilovid/linkkeeper/internal/user-service/repository/user.go:52.59,55.16 3 2
github.com/danilovid/linkkeeper/internal/user-service/repository/user.go:55.16,57.3 1 0
github.com/danilovid/linkkeeper/internal/user-service/repository/user.go:58.2,58.23 1 2
github.com/danilovid/linkkeeper/internal/user-service/transport/http/http.go:19.48,21.2 1 8
github.com/danilovid/linkkeeper/internal/user-service/transport/http/http.go:23.41,25.2 1 0
github.com/danilovid/linkkeeper/internal/user-service/transport/http/http.go:48.74,50.61 2 3
github.com/danilovid/linkkeeper/internal/user-service/transport/http/http.go:50.61,54.3 3 1
github.com/danilovid/linkkeeper/internal/user-service/transport/http/http.go:56.2,56.25 1 2
github.com/danilovid/linkkeeper/internal/user-service/transport/http/http.go:56.25,59.3 2 1
github.com/danilovid/linkkeeper/internal/user-service/transport/http/http.go:61.2,62.16 2 1
github.com/danilovid/linkkeeper/internal/user-service/transport/http/http.go:62.16,66.3 3 0
github.com/danilovid/linkkeeper/internal/user-service/transport/http/http.go:68.2,80.33 4 1
github.com/danilovid/linkkeeper/internal/user-service/transport/http/http.go:83.70,88.16 4 3
github.com/danilovid/linkkeeper/internal/user-service/transport/http/http.go:88.16,91.3 2 1
github.com/danilovid/linkkeeper/internal/user-service/transport/http/http.go:93.2,94.16 2 2
github.com/danilovid/linkkeeper/internal/user-service/transport/http/http.go:94.16,98.3 3 1
github.com/danilovid/linkkeeper/internal/user-service/transport/http/http.go:100.2,111.33 3 1
github.com/danilovid/linkkeeper/internal/user-service/transport/http/http.go:114.78,119.61 4 0
github.com/danilovid/linkkeeper/internal/user-service/transport/http/http.go:119.61,122.3 2 0
github.com/danilovid/linkkeeper/internal/user-service/transport/http/http.go:124.2,125.16 2 0
github.com/danilovid/linkkeeper/internal/user-service/transport/http/http.go:125.16,129.3 3 0
github.com/danilovid/linkkeeper/internal/user-service/transport/http/http.go:131.2,142.33 3 0
github.com/danilovid/linkkeeper/internal/user-service/transport/http/http.go:145.74,150.61 4 2
github.com/danilovid/linkkeeper/internal/user-service/transport/http/http.go:150.61,153.3 2 0
github.com/danilovid/linkkeeper/internal/user-service/transport/http/http.go:155.2,156.16 2 2
github.com/danilovid/linkkeeper/internal/user-service/transport/http/http.go:156.16,160.3 3 0
github.com/danilovid/linkkeeper/internal/user-service/transport/http/http.go:162.2,164.33 3 2
github.com/danilovid/linkkeeper/internal/user-service/transport/http/routers.go:13.40,33.71 8 0
github.com/danilovid/linkkeeper/internal/user-service/transport/http/routers.go:33.71,36.3 2 0
github.com/danilovid/linkkeeper/internal/user-service/transport/http/routers.go:38.2,38.27 1 0
github.com/danilovid/linkkeeper/internal/user-service/transport/http/routers.go:41.49,42.71 1 0
github.com/danilovid/linkkeeper/internal/user-service/transport/http/routers.go:42.71,48.3 2 0
github.com/danilovid/linkkeeper/internal/user-service/usecase/user.go:13.70,15.2 1 8
github.com/danilovid/linkkeeper/internal/user-service/usecase/user.go:17.122,25.44 2 3
github.com/danilovid/linkkeeper/internal/user-service/usecase/user.go:25.44,27.3 1 1
github.com/danilovid/linkkeeper/internal/user-service/usecase/user.go:29.2,29.18 1 2
github.com/danilovid/linkkeeper/internal/user-service/usecase/user.go:32.81,34.2 1 1
github.com/danilovid/linkkeeper/internal/user-service/usecase/user.go:36.93,38.2 1 1
github.com/danilovid/linkkeeper/internal/user-service/usecase/user.go:40.127,42.16 2 2
github.com/danilovid/linkkeeper/internal/user-service/usecase/user.go:42.16,44.3 1 1
github.com/danilovid/linkkeeper/internal/user-service/usecase/user.go:46.2,46.64 1 1
github.com/danilovid/linkkeeper/internal/user-service/usecase/user.go:49.66,51.2 1 2
